e:\c++训练营\即时通信项目\vtim\vtim\debug\vc120.pdb
e:\c++训练营\即时通信项目\vtim\vtim\debug\vc120.idb
e:\c++训练营\即时通信项目\vtim\vtim\debug\resourcemanager.obj
e:\c++训练营\即时通信项目\vtim\vtim\debug\encode.obj
e:\c++训练营\即时通信项目\vtim\vtim\debug\json_reader.obj
e:\c++训练营\即时通信项目\vtim\vtim\debug\json_value.obj
e:\c++训练营\即时通信项目\vtim\vtim\debug\json_writer.obj
e:\c++训练营\即时通信项目\vtim\vtim\debug\log.obj
e:\c++训练营\即时通信项目\vtim\vtim\debug\chatclient.obj
e:\c++训练营\即时通信项目\vtim\vtim\debug\config.obj
e:\c++训练营\即时通信项目\vtim\vtim\debug\framewnd.obj
e:\c++训练营\即时通信项目\vtim\vtim\debug\immessagebox.obj
e:\c++训练营\即时通信项目\vtim\vtim\debug\logindlg.obj
e:\c++训练营\即时通信项目\vtim\vtim\debug\handleproxy.obj
e:\c++训练营\即时通信项目\vtim\vtim\debug\buildmasterbytes.obj
e:\c++训练营\即时通信项目\vtim\vtim\debug\logosocket.obj
e:\c++训练营\即时通信项目\vtim\vtim\debug\masterrequest.obj
e:\c++训练营\即时通信项目\vtim\vtim\debug\masterresponse.obj
e:\c++训练营\即时通信项目\vtim\vtim\debug\state.obj
e:\c++训练营\即时通信项目\vtim\vtim\debug\winmain.obj
e:\c++训练营\即时通信项目\vtim\vtim\debug\sqlite3.obj
e:\c++训练营\即时通信项目\vtim\vtim\debug\httputils.obj
e:\c++训练营\即时通信项目\vtim\vtim\debug\inirw.obj
e:\c++训练营\即时通信项目\vtim\vtim\debug\fileio.obj
e:\c++训练营\即时通信项目\vtim\vtim\debug\iocpbase.obj
e:\c++训练营\即时通信项目\vtim\vtim\debug\iocpdef.obj
e:\c++训练营\即时通信项目\vtim\vtim\debug\iocpsocket.obj
e:\c++训练营\即时通信项目\vtim\vtim\debug\iocptimer.obj
e:\c++训练营\即时通信项目\vtim\vtim\debug\iocptree.obj
e:\c++训练营\即时通信项目\vtim\vtim\debug\privatetimer.obj
e:\c++训练营\即时通信项目\vtim\vtim\debug\socketbuffer.obj
e:\c++训练营\即时通信项目\vtim\vtim\debug\socketutils.obj
e:\c++训练营\即时通信项目\vtim\vtim\debug\timeheap.obj
e:\c++训练营\即时通信项目\vtim\vtim\debug\udpsocket.obj
e:\c++训练营\即时通信项目\vtim\vtim\debug\threadpool.obj
e:\c++训练营\即时通信项目\vtim\debug\vtim.ilk
e:\c++训练营\即时通信项目\vtim\debug\vtim.exe
e:\c++训练营\即时通信项目\vtim\debug\vtim.pdb
e:\c++训练营\即时通信项目\vtim\vtim\debug\vtim.tlog\cl.command.1.tlog
e:\c++训练营\即时通信项目\vtim\vtim\debug\vtim.tlog\cl.read.1.tlog
e:\c++训练营\即时通信项目\vtim\vtim\debug\vtim.tlog\cl.write.1.tlog
e:\c++训练营\即时通信项目\vtim\vtim\debug\vtim.tlog\link.command.1.tlog
e:\c++训练营\即时通信项目\vtim\vtim\debug\vtim.tlog\link.read.1.tlog
e:\c++训练营\即时通信项目\vtim\vtim\debug\vtim.tlog\link.write.1.tlog
